  WBFConsoleApplication.cpp
c:\users\user\workspace\wbfconsoleapplication\wbfconsoleapplication\wbfconsoleapplication.cpp(194): warning C4477: 'wprintf_s' : 格式字串 '%S' 需要 'char *' 類型的引數，但 variadic 引數 1 的類型為 'WCHAR *'
  c:\users\user\workspace\wbfconsoleapplication\wbfconsoleapplication\wbfconsoleapplication.cpp(194): note: 請考慮在格式字串中使用 '%lS'
  c:\users\user\workspace\wbfconsoleapplication\wbfconsoleapplication\wbfconsoleapplication.cpp(194): note: 請考慮在格式字串中使用 '%llS'
  c:\users\user\workspace\wbfconsoleapplication\wbfconsoleapplication\wbfconsoleapplication.cpp(194): note: 請考慮在格式字串中使用 '%LS'
  c:\users\user\workspace\wbfconsoleapplication\wbfconsoleapplication\wbfconsoleapplication.cpp(194): note: 請考慮在格式字串中使用 '%wS'
c:\users\user\workspace\wbfconsoleapplication\wbfconsoleapplication\wbfconsoleapplication.cpp(1303): warning C4477: 'wprintf_s' : 格式字串 '%d' 需要 'int' 類型的引數，但 variadic 引數 1 的類型為 'SIZE_T'
  c:\users\user\workspace\wbfconsoleapplication\wbfconsoleapplication\wbfconsoleapplication.cpp(1303): note: 請考慮在格式字串中使用 '%lld'
  c:\users\user\workspace\wbfconsoleapplication\wbfconsoleapplication\wbfconsoleapplication.cpp(1303): note: 請考慮在格式字串中使用 '%Id'
  c:\users\user\workspace\wbfconsoleapplication\wbfconsoleapplication\wbfconsoleapplication.cpp(1303): note: 請考慮在格式字串中使用 '%I64d'
c:\users\user\workspace\wbfconsoleapplication\wbfconsoleapplication\wbfconsoleapplication.cpp(1387): warning C4477: 'wprintf_s' : 格式字串 '%d' 需要 'int' 類型的引數，但 variadic 引數 1 的類型為 'SIZE_T'
  c:\users\user\workspace\wbfconsoleapplication\wbfconsoleapplication\wbfconsoleapplication.cpp(1387): note: 請考慮在格式字串中使用 '%lld'
  c:\users\user\workspace\wbfconsoleapplication\wbfconsoleapplication\wbfconsoleapplication.cpp(1387): note: 請考慮在格式字串中使用 '%Id'
  c:\users\user\workspace\wbfconsoleapplication\wbfconsoleapplication\wbfconsoleapplication.cpp(1387): note: 請考慮在格式字串中使用 '%I64d'
c:\users\user\workspace\wbfconsoleapplication\wbfconsoleapplication\wbfconsoleapplication.cpp(1392): warning C4477: 'wprintf_s' : 格式字串 '%d' 需要 'int' 類型的引數，但 variadic 引數 1 的類型為 'SIZE_T'
  c:\users\user\workspace\wbfconsoleapplication\wbfconsoleapplication\wbfconsoleapplication.cpp(1392): note: 請考慮在格式字串中使用 '%lld'
  c:\users\user\workspace\wbfconsoleapplication\wbfconsoleapplication\wbfconsoleapplication.cpp(1392): note: 請考慮在格式字串中使用 '%Id'
  c:\users\user\workspace\wbfconsoleapplication\wbfconsoleapplication\wbfconsoleapplication.cpp(1392): note: 請考慮在格式字串中使用 '%I64d'
c:\users\user\workspace\wbfconsoleapplication\wbfconsoleapplication\wbfconsoleapplication.cpp(1662): warning C4477: 'wprintf_s' : 格式字串 '%d' 需要 'int' 類型的引數，但 variadic 引數 1 的類型為 'SIZE_T'
  c:\users\user\workspace\wbfconsoleapplication\wbfconsoleapplication\wbfconsoleapplication.cpp(1662): note: 請考慮在格式字串中使用 '%lld'
  c:\users\user\workspace\wbfconsoleapplication\wbfconsoleapplication\wbfconsoleapplication.cpp(1662): note: 請考慮在格式字串中使用 '%Id'
  c:\users\user\workspace\wbfconsoleapplication\wbfconsoleapplication\wbfconsoleapplication.cpp(1662): note: 請考慮在格式字串中使用 '%I64d'
c:\users\user\workspace\wbfconsoleapplication\wbfconsoleapplication\wbfconsoleapplication.cpp(1829): warning C4477: 'wprintf_s' : 格式字串 '%d' 需要 'int' 類型的引數，但 variadic 引數 1 的類型為 'SIZE_T'
  c:\users\user\workspace\wbfconsoleapplication\wbfconsoleapplication\wbfconsoleapplication.cpp(1829): note: 請考慮在格式字串中使用 '%lld'
  c:\users\user\workspace\wbfconsoleapplication\wbfconsoleapplication\wbfconsoleapplication.cpp(1829): note: 請考慮在格式字串中使用 '%Id'
  c:\users\user\workspace\wbfconsoleapplication\wbfconsoleapplication\wbfconsoleapplication.cpp(1829): note: 請考慮在格式字串中使用 '%I64d'
c:\users\user\workspace\wbfconsoleapplication\wbfconsoleapplication\wbfconsoleapplication.cpp(2405): warning C4477: 'wprintf_s' : 格式字串 '%d' 需要 'int' 類型的引數，但 variadic 引數 1 的類型為 'SIZE_T'
  c:\users\user\workspace\wbfconsoleapplication\wbfconsoleapplication\wbfconsoleapplication.cpp(2405): note: 請考慮在格式字串中使用 '%lld'
  c:\users\user\workspace\wbfconsoleapplication\wbfconsoleapplication\wbfconsoleapplication.cpp(2405): note: 請考慮在格式字串中使用 '%Id'
  c:\users\user\workspace\wbfconsoleapplication\wbfconsoleapplication\wbfconsoleapplication.cpp(2405): note: 請考慮在格式字串中使用 '%I64d'
c:\users\user\workspace\wbfconsoleapplication\wbfconsoleapplication\wbfconsoleapplication.cpp(2593): warning C4477: 'wprintf_s' : 格式字串 '%d' 需要 'int' 類型的引數，但 variadic 引數 1 的類型為 'SIZE_T'
  c:\users\user\workspace\wbfconsoleapplication\wbfconsoleapplication\wbfconsoleapplication.cpp(2593): note: 請考慮在格式字串中使用 '%lld'
  c:\users\user\workspace\wbfconsoleapplication\wbfconsoleapplication\wbfconsoleapplication.cpp(2593): note: 請考慮在格式字串中使用 '%Id'
  c:\users\user\workspace\wbfconsoleapplication\wbfconsoleapplication\wbfconsoleapplication.cpp(2593): note: 請考慮在格式字串中使用 '%I64d'
c:\users\user\workspace\wbfconsoleapplication\wbfconsoleapplication\wbfconsoleapplication.cpp(2595): warning C4477: 'wprintf_s' : 格式字串 '%d' 需要 'int' 類型的引數，但 variadic 引數 1 的類型為 'SIZE_T'
  c:\users\user\workspace\wbfconsoleapplication\wbfconsoleapplication\wbfconsoleapplication.cpp(2595): note: 請考慮在格式字串中使用 '%lld'
  c:\users\user\workspace\wbfconsoleapplication\wbfconsoleapplication\wbfconsoleapplication.cpp(2595): note: 請考慮在格式字串中使用 '%Id'
  c:\users\user\workspace\wbfconsoleapplication\wbfconsoleapplication\wbfconsoleapplication.cpp(2595): note: 請考慮在格式字串中使用 '%I64d'
  WBFConsoleApplication.vcxproj -> C:\Users\USER\Workspace\WBFConsoleApplication\x64\Debug\WBFConsoleApplication.exe
